ERROR in D:/Github/MyApplication2/entry/src/main/js/default/pages/index/index.css
 The `fontSize` attribute does not support `fp`. The default unit is px	@45:5
ERROR in D:/Github/MyApplication2/entry/src/main/js/default/pages/index/index.css
 The `fontSize` attribute does not support `fp`. The default unit is px	@60:5
ERROR in D:/Github/MyApplication2/entry/src/main/js/default/pages/index/index.css
 The `height` attribute does not support `fp`. The default unit is px	@11:5
ERROR in D:/Github/MyApplication2/entry/src/main/js/default/pages/index/index.css
 The `height` attribute does not support `fp`. The default unit is px	@19:5
ERROR in D:/Github/MyApplication2/entry/src/main/js/default/pages/index/index.css
 The `height` attribute does not support `fp`. The default unit is px	@25:5
ERROR in D:/Github/MyApplication2/entry/src/main/js/default/pages/index/index.css
 The `height` attribute does not support `fp`. The default unit is px	@31:5
ERROR in D:/Github/MyApplication2/entry/src/main/js/default/pages/index/index.css
 The `height` attribute does not support `fp`. The default unit is px	@39:5
ERROR in D:/Github/MyApplication2/entry/src/main/js/default/pages/index/index.css
 The `height` attribute does not support `fp`. The default unit is px	@3:5
ERROR in D:/Github/MyApplication2/entry/src/main/js/default/pages/index/index.css
 The `height` attribute does not support `fp`. The default unit is px	@50:5
ERROR in D:/Github/MyApplication2/entry/src/main/js/default/pages/index/index.css
 The `height` attribute does not support `fp`. The default unit is px	@54:5
ERROR in D:/Github/MyApplication2/entry/src/main/js/default/pages/index/index.css
 The `letterSpacing` attribute does not support `fp`. The default unit is px	@12:5
ERROR in D:/Github/MyApplication2/entry/src/main/js/default/pages/index/index.css
 The `letterSpacing` attribute does not support `fp`. The default unit is px	@20:5
ERROR in D:/Github/MyApplication2/entry/src/main/js/default/pages/index/index.css
 The `marginBottom` attribute does not support `fp`. The default unit is px	@14:5
ERROR in D:/Github/MyApplication2/entry/src/main/js/default/pages/index/index.css
 The `marginBottom` attribute does not support `fp`. The default unit is px	@42:5
ERROR in D:/Github/MyApplication2/entry/src/main/js/default/pages/index/index.css
 The `marginLeft` attribute does not support `fp`. The default unit is px	@33:5
ERROR in D:/Github/MyApplication2/entry/src/main/js/default/pages/index/index.css
 The `marginTop` attribute does not support `fp`. The default unit is px	@13:5
ERROR in D:/Github/MyApplication2/entry/src/main/js/default/pages/index/index.css
 The `marginTop` attribute does not support `fp`. The default unit is px	@21:5
ERROR in D:/Github/MyApplication2/entry/src/main/js/default/pages/index/index.css
 The `marginTop` attribute does not support `fp`. The default unit is px	@32:5
ERROR in D:/Github/MyApplication2/entry/src/main/js/default/pages/index/index.css
 The `marginTop` attribute does not support `fp`. The default unit is px	@41:5
ERROR in D:/Github/MyApplication2/entry/src/main/js/default/pages/index/index.css
 The `width` attribute does not support `fp`. The default unit is px	@10:5
ERROR in D:/Github/MyApplication2/entry/src/main/js/default/pages/index/index.css
 The `width` attribute does not support `fp`. The default unit is px	@18:5
ERROR in D:/Github/MyApplication2/entry/src/main/js/default/pages/index/index.css
 The `width` attribute does not support `fp`. The default unit is px	@24:5
ERROR in D:/Github/MyApplication2/entry/src/main/js/default/pages/index/index.css
 The `width` attribute does not support `fp`. The default unit is px	@2:5
ERROR in D:/Github/MyApplication2/entry/src/main/js/default/pages/index/index.css
 The `width` attribute does not support `fp`. The default unit is px	@30:5
ERROR in D:/Github/MyApplication2/entry/src/main/js/default/pages/index/index.css
 The `width` attribute does not support `fp`. The default unit is px	@38:5
ERROR in D:/Github/MyApplication2/entry/src/main/js/default/pages/index/index.css
 The `width` attribute does not support `fp`. The default unit is px	@49:5
ERROR in D:/Github/MyApplication2/entry/src/main/js/default/pages/index/index.css
 The `width` attribute does not support `fp`. The default unit is px	@53:5
